
Showing logs for build [32mcb-kubecd-bdd-ghfjxy-1568545731-2ch55-1[0m stage [32mmeta-pipeline[0m and container [32mstep-credential-initializer-495xj[0m
{"level":"warn","ts":1568546607.2001922,"logger":"fallback-logger","caller":"logging/config.go:69","msg":"Fetch GitHub commit ID from kodata failed: \"ref: refs/heads/master\" is not a valid GitHub commit ID"}
{"level":"info","ts":1568546607.2006505,"logger":"fallback-logger","caller":"creds-init/main.go:40","msg":"Credentials initialized."}

Showing logs for build [32mcb-kubecd-bdd-ghfjxy-1568545731-2ch55-1[0m stage [32mmeta-pipeline[0m and container [32mstep-working-dir-initializer-qvq8n[0m
{"level":"warn","ts":1568546608.418823,"logger":"fallback-logger","caller":"logging/config.go:69","msg":"Fetch GitHub commit ID from kodata failed: open /var/run/ko/HEAD: no such file or directory"}
{"level":"info","ts":1568546608.4204824,"logger":"fallback-logger","caller":"bash/main.go:65","msg":"Successfully executed command \"mkdir -p /workspace/source\""}

Showing logs for build [32mcb-kubecd-bdd-ghfjxy-1568545731-2ch55-1[0m stage [32mmeta-pipeline[0m and container [32mstep-place-tools[0m

Showing logs for build [32mcb-kubecd-bdd-ghfjxy-1568545731-2ch55-1[0m stage [32mmeta-pipeline[0m and container [32mstep-git-source-meta-cb-kubecd-bdd-ghfjxy-15685-4z5jd[0m
{"level":"warn","ts":1568546614.6636314,"logger":"fallback-logger","caller":"logging/config.go:69","msg":"Fetch GitHub commit ID from kodata failed: \"ref: refs/heads/master\" is not a valid GitHub commit ID"}
{"level":"info","ts":1568546615.7162466,"logger":"fallback-logger","caller":"git/git.go:102","msg":"Successfully cloned https://github.com/cb-kubecd/bdd-ghf**y-1568545731.git @ 2f42637049e540341b75342ba42b6d7d1901e869 in path /workspace/source"}

Showing logs for build [32mcb-kubecd-bdd-ghfjxy-1568545731-2ch55-1[0m stage [32mmeta-pipeline[0m and container [32mstep-git-merge[0m
Using SHAs from PULL_REFS=master:2f42637049e540341b75342ba42b6d7d1901e869,1:0207c3a1d32c7cf84f8090ea6bc2c73500314404
DEBUG: ran git fetch --unshallow origin 0207c3a1d32c7cf84f8090ea6bc2c73500314404: 2f42637049e540341b75342ba42b6d7d1901e869: in 
DEBUG: ran git checkout master in 
DEBUG: ran git reset --hard 2f42637049e540341b75342ba42b6d7d1901e869 in 
DEBUG: ran clean --force -d . in 
DEBUG: ran git merge 0207c3a1d32c7cf84f8090ea6bc2c73500314404 in 
Merged SHA 0207c3a1d32c7cf84f8090ea6bc2c73500314404 with commit message 'My first PR commit' into base branch master

Showing logs for build [32mcb-kubecd-bdd-ghfjxy-1568545731-2ch55-1[0m stage [32mmeta-pipeline[0m and container [32mstep-merge-pull-refs[0m
DEBUG: ran git fetch origin 0207c3a1d32c7cf84f8090ea6bc2c73500314404: 2f42637049e540341b75342ba42b6d7d1901e869: in 
DEBUG: Unshallowed git repo in 
DEBUG: ran git checkout master in 
DEBUG: ran git reset --hard 2f42637049e540341b75342ba42b6d7d1901e869 in 
DEBUG: ran clean --force -d . in 
DEBUG: ran git merge 0207c3a1d32c7cf84f8090ea6bc2c73500314404 in 
Merged SHA 0207c3a1d32c7cf84f8090ea6bc2c73500314404 with commit message 'My first PR commit' into base branch master

Showing logs for build [32mcb-kubecd-bdd-ghfjxy-1568545731-2ch55-1[0m stage [32mmeta-pipeline[0m and container [32mstep-create-effective-pipeline[0m
Deleting and cloning the Jenkins X versions repo
Cloning the Jenkins X versions repo https://github.com/jenkins-x/jenkins-x-versions.git with ref refs/heads/master to /builder/home/.**/jenkins-x-versions
performing pack detection in folder /workspace/source
--> Draft detected YAML (67.752116%)
--> Could not find a pack for YAML. Trying to find the next likely language match...
--> Draft detected RPM Spec (14.854397%)
--> Could not find a pack for RPM Spec. Trying to find the next likely language match...
--> Draft detected Coq (6.799598%)
--> Could not find a pack for Coq. Trying to find the next likely language match...
--> Draft detected Smarty (3.701047%)
--> Could not find a pack for Smarty. Trying to find the next likely language match...
--> Draft detected Go (2.904892%)
selected pack: /builder/home/.**/draft/packs/github.com/jenkins-x-buildpacks/jenkins-x-kubernetes/packs/go
Effective pipeline written to jenkins-x-serverless-jenkins-effective.yml

Showing logs for build [32mcb-kubecd-bdd-ghfjxy-1568545731-2ch55-1[0m stage [32mmeta-pipeline[0m and container [32mstep-create-tekton-crds[0m
PipelineActivity for cb-kubecd-bdd-ghf**y-1568545731-PR-1-1
Applying changes 
upserted PipelineResource cb-kubecd-bdd-ghf**y-1568545731 for the git repository https://github.com/cb-kubecd/bdd-ghf**y-1568545731.git
upserted Task cb-kubecd-bdd-ghf**y-1568545731-2ch55-run-make-1
upserted Task cb-kubecd-bdd-ghf**y-1568545731-2ch55-everything-else-1
upserted Pipeline cb-kubecd-bdd-ghf**y-1568545731-2ch55-1
created PipelineRun cb-kubecd-bdd-ghf**y-1568545731-2ch55-1
created PipelineStructure cb-kubecd-bdd-ghf**y-1568545731-2ch55-1

Showing logs for build [32mcb-kubecd-bdd-ghfjxy-1568545731-2ch55-1[0m stage [32mrun-make[0m and container [32mstep-credential-initializer-pjkw8[0m
{"level":"warn","ts":1568546647.8297498,"logger":"fallback-logger","caller":"logging/config.go:69","msg":"Fetch GitHub commit ID from kodata failed: \"ref: refs/heads/master\" is not a valid GitHub commit ID"}
{"level":"info","ts":1568546647.8302953,"logger":"fallback-logger","caller":"creds-init/main.go:40","msg":"Credentials initialized."}

Showing logs for build [32mcb-kubecd-bdd-ghfjxy-1568545731-2ch55-1[0m stage [32mrun-make[0m and container [32mstep-working-dir-initializer-pcxwg[0m
{"level":"warn","ts":1568546648.7826176,"logger":"fallback-logger","caller":"logging/config.go:69","msg":"Fetch GitHub commit ID from kodata failed: open /var/run/ko/HEAD: no such file or directory"}
{"level":"info","ts":1568546648.7841582,"logger":"fallback-logger","caller":"bash/main.go:65","msg":"Successfully executed command \"mkdir -p /workspace/source\""}

Showing logs for build [32mcb-kubecd-bdd-ghfjxy-1568545731-2ch55-1[0m stage [32mrun-make[0m and container [32mstep-place-tools[0m

Showing logs for build [32mcb-kubecd-bdd-ghfjxy-1568545731-2ch55-1[0m stage [32mrun-make[0m and container [32mstep-git-source-cb-kubecd-bdd-ghfjxy-1568545731-4nk75[0m
{"level":"warn","ts":1568546654.916881,"logger":"fallback-logger","caller":"logging/config.go:69","msg":"Fetch GitHub commit ID from kodata failed: \"ref: refs/heads/master\" is not a valid GitHub commit ID"}
{"level":"info","ts":1568546656.0203447,"logger":"fallback-logger","caller":"git/git.go:102","msg":"Successfully cloned https://github.com/cb-kubecd/bdd-ghf**y-1568545731.git @ master in path /workspace/source"}

Showing logs for build [32mcb-kubecd-bdd-ghfjxy-1568545731-2ch55-1[0m stage [32mrun-make[0m and container [32mstep-git-merge[0m
Using SHAs from PULL_REFS=master:2f42637049e540341b75342ba42b6d7d1901e869,1:0207c3a1d32c7cf84f8090ea6bc2c73500314404
DEBUG: ran git fetch --unshallow origin 0207c3a1d32c7cf84f8090ea6bc2c73500314404: 2f42637049e540341b75342ba42b6d7d1901e869: in 
DEBUG: ran git checkout master in 
DEBUG: ran git reset --hard 2f42637049e540341b75342ba42b6d7d1901e869 in 
DEBUG: ran clean --force -d . in 
DEBUG: ran git merge 0207c3a1d32c7cf84f8090ea6bc2c73500314404 in 
Merged SHA 0207c3a1d32c7cf84f8090ea6bc2c73500314404 with commit message 'My first PR commit' into base branch master

Showing logs for build [32mcb-kubecd-bdd-ghfjxy-1568545731-2ch55-1[0m stage [32mrun-make[0m and container [32mstep-build-make-linux[0m
CGO_ENABLED=0 GOOS=linux GOARCH=amd64 GO15VENDOREXPERIMENT=1 go build -ldflags '' -o bin/bdd-ghf**y-1568545731 main.go

Showing logs for build [32mcb-kubecd-bdd-ghfjxy-1568545731-2ch55-1[0m stage [32mrun-make[0m and container [32mstep-source-mkdir-cb-kubecd-bdd-ghfjxy-1568545731-btcjh[0m
{"level":"warn","ts":1568546664.7283084,"logger":"fallback-logger","caller":"logging/config.go:69","msg":"Fetch GitHub commit ID from kodata failed: open /var/run/ko/HEAD: no such file or directory"}
{"level":"info","ts":1568546664.772378,"logger":"fallback-logger","caller":"bash/main.go:65","msg":"Successfully executed command \"mkdir -p /pvc/run-make/workspace\""}

Showing logs for build [32mcb-kubecd-bdd-ghfjxy-1568545731-2ch55-1[0m stage [32mrun-make[0m and container [32mstep-source-copy-cb-kubecd-bdd-ghfjxy-1568545731-n89n7[0m
{"level":"warn","ts":1568546665.1383367,"logger":"fallback-logger","caller":"logging/config.go:69","msg":"Fetch GitHub commit ID from kodata failed: open /var/run/ko/HEAD: no such file or directory"}
{"level":"info","ts":1568546665.156703,"logger":"fallback-logger","caller":"bash/main.go:65","msg":"Successfully executed command \"cp -r /workspace/source/. /pvc/run-make/workspace\""}

Showing logs for build [32mcb-kubecd-bdd-ghfjxy-1568545731-2ch55-1[0m stage [32meverything-else[0m and container [32mstep-credential-initializer-knvpm[0m
{"level":"warn","ts":1568546685.1263661,"logger":"fallback-logger","caller":"logging/config.go:69","msg":"Fetch GitHub commit ID from kodata failed: \"ref: refs/heads/master\" is not a valid GitHub commit ID"}
{"level":"info","ts":1568546685.1268864,"logger":"fallback-logger","caller":"creds-init/main.go:40","msg":"Credentials initialized."}

Showing logs for build [32mcb-kubecd-bdd-ghfjxy-1568545731-2ch55-1[0m stage [32meverything-else[0m and container [32mstep-working-dir-initializer-64jkz[0m
{"level":"warn","ts":1568546686.4081478,"logger":"fallback-logger","caller":"logging/config.go:69","msg":"Fetch GitHub commit ID from kodata failed: open /var/run/ko/HEAD: no such file or directory"}
{"level":"info","ts":1568546686.412049,"logger":"fallback-logger","caller":"bash/main.go:65","msg":"Successfully executed command \"mkdir -p /workspace/source /workspace/source/charts/preview\""}

Showing logs for build [32mcb-kubecd-bdd-ghfjxy-1568545731-2ch55-1[0m stage [32meverything-else[0m and container [32mstep-place-tools[0m

Showing logs for build [32mcb-kubecd-bdd-ghfjxy-1568545731-2ch55-1[0m stage [32meverything-else[0m and container [32mstep-create-dir-workspace-9gr8b[0m
{"level":"warn","ts":1568546692.5514948,"logger":"fallback-logger","caller":"logging/config.go:69","msg":"Fetch GitHub commit ID from kodata failed: open /var/run/ko/HEAD: no such file or directory"}
{"level":"info","ts":1568546692.5538366,"logger":"fallback-logger","caller":"bash/main.go:65","msg":"Successfully executed command \"mkdir -p /workspace/source\""}

Showing logs for build [32mcb-kubecd-bdd-ghfjxy-1568545731-2ch55-1[0m stage [32meverything-else[0m and container [32mstep-source-copy-workspace-4k97x[0m
{"level":"warn","ts":1568546692.8435001,"logger":"fallback-logger","caller":"logging/config.go:69","msg":"Fetch GitHub commit ID from kodata failed: open /var/run/ko/HEAD: no such file or directory"}
{"level":"info","ts":1568546693.194469,"logger":"fallback-logger","caller":"bash/main.go:65","msg":"Successfully executed command \"cp -r /pvc/run-make/workspace/. /workspace/source\""}

Showing logs for build [32mcb-kubecd-bdd-ghfjxy-1568545731-2ch55-1[0m stage [32meverything-else[0m and container [32mstep-build-container-build[0m
[36mINFO[0m[0000] No base image, nothing to extract            
[36mINFO[0m[0000] cmd: EXPOSE                                  
[36mINFO[0m[0000] Adding exposed port: 8080/tcp                
[36mINFO[0m[0000] Using files from context: [/workspace/source/bin] 
[36mINFO[0m[0000] Skipping unpacking as no commands require it. 
[36mINFO[0m[0000] Taking snapshot of full filesystem...        
[36mINFO[0m[0000] EXPOSE 8080                                  
[36mINFO[0m[0000] cmd: EXPOSE                                  
[36mINFO[0m[0000] Adding exposed port: 8080/tcp                
[36mINFO[0m[0000] No files changed in this command, skipping snapshotting. 
[36mINFO[0m[0000] ENTRYPOINT ["/bdd-ghf**y-1568545731"]        
[36mINFO[0m[0000] No files changed in this command, skipping snapshotting. 
[36mINFO[0m[0000] Using files from context: [/workspace/source/bin] 
[36mINFO[0m[0000] COPY ./bin/ /                                
[36mINFO[0m[0000] Taking snapshot of files...                  
2019/09/15 11:24:58 pushed blob: sha256:e1d8d0afd119dacaeed46d4f9060c941508ac424d1f07fb3f34d5240a2cd3444
2019/09/15 11:24:59 pushed blob: sha256:2fa365eaa5c979517b9a7961704044b50d347fbf429079563e81e82331494921
2019/09/15 11:25:01 gcr.io/jenkins-x-bdd3/bdd-ghf**y-1568545731:0.0.0-SNAPSHOT-PR-1-1: digest: sha256:9842bb55cc19943ba3337b4cd0d4ee3fea3362676a1aeb861b300ba74f2e93d8 size: 428

Showing logs for build [32mcb-kubecd-bdd-ghfjxy-1568545731-2ch55-1[0m stage [32meverything-else[0m and container [32mstep-postbuild-post-build[0m
no CVE provider running in the current ** namespace so skip adding image to be analysed

Showing logs for build [32mcb-kubecd-bdd-ghfjxy-1568545731-2ch55-1[0m stage [32meverything-else[0m and container [32mstep-promote-make-preview[0m
sed -i -e "s/version:.*/version: 0.0.0-SNAPSHOT-PR-1-1/" Chart.yaml
sed -i -e "s/version:.*/version: 0.0.0-SNAPSHOT-PR-1-1/" ../*/Chart.yaml
sed -i -e "s|repository:.*|repository: gcr.io\/jenkins-x-bdd3\/bdd-ghf**y-1568545731|" values.yaml
sed -i -e "s/tag:.*/tag: 0.0.0-SNAPSHOT-PR-1-1/" values.yaml
echo "  version: 0.0.0-SNAPSHOT-PR-1-1" >> requirements.yaml
** step helm build
WARNING: No $CHART_REPOSITORY defined so using the default value of: http://jenkins-x-chartmuseum:8080
Adding missing Helm repo: storage.googleapis.com https://storage.googleapis.com/chartmuseum.jenkins-x.io
Successfully added Helm repository storage.googleapis.com.
Adding missing Helm repo: jenkins-x-chartmuseum http://jenkins-x-chartmuseum:8080
Successfully added Helm repository jenkins-x-chartmuseum.
WARNING: No $CHART_REPOSITORY defined so using the default value of: http://jenkins-x-chartmuseum:8080
Adding missing Helm repo: chartmuseum.jenkins-x.io http://chartmuseum.jenkins-x.io
Successfully added Helm repository chartmuseum.jenkins-x.io.

Showing logs for build [32mcb-kubecd-bdd-ghfjxy-1568545731-2ch55-1[0m stage [32meverything-else[0m and container [32mstep-promote-jx-preview[0m
Creating a preview
WARNING: No author for commit: 0207c3a1d32c7cf84f8090ea6bc2c73500314404
Created environment cb-kubecd-bdd-ghf**y-1568545731-pr-1
Namespace **-cb-kubecd-bdd-ghf**y-1568545731-pr-1 created 
expose:
  Annotations:
    helm.sh/hook: post-install,post-upgrade
    helm.sh/hook-delete-policy: hook-succeeded
  config:
    domain: 34.76.34.52.nip.io
    exposer: Ingress
    http: "true"
preview:
  image:
    repository: gcr.io/jenkins-x-bdd3/bdd-ghf**y-1568545731
    tag: 0.0.0-SNAPSHOT-PR-1-1
Deleting and cloning the Jenkins X versions repo
Cloning the Jenkins X versions repo https://github.com/jenkins-x/jenkins-x-versions.git with ref refs/heads/master to /builder/home/.**/jenkins-x-versions


Updating PipelineActivities cb-kubecd-bdd-ghf**y-1568545731-pr-1-1 which has status Running
Preview application is now available at: http://bdd-ghf**y-1568545731.**-cb-kubecd-bdd-ghf**y-1568545731-pr-1.34.76.34.52.nip.io
